{
  "RSpec": {
    "coverage": {
      "/Users/asdf/challenges/matching-app/app/channels/application_cable/channel.rb": [
        0,
        0,
        0,
        0
      ],
      "/Users/asdf/challenges/matching-app/app/channels/application_cable/connection.rb": [
        0,
        0,
        0,
        0
      ],
      "/Users/asdf/challenges/matching-app/app/controllers/application_controller.rb": [
        0,
        0,
        0
      ],
      "/Users/asdf/challenges/matching-app/app/controllers/homes_controller.rb": [
        0,
        0,
        0,
        0,
        0,
        0,
        0,
        0
      ],
      "/Users/asdf/challenges/matching-app/app/controllers/static_pages_controller.rb": [
        0,
        0
      ],
      "/Users/asdf/challenges/matching-app/app/helpers/application_helper.rb": [
        0,
        0
      ],
      "/Users/asdf/challenges/matching-app/app/jobs/application_job.rb": [
        0,
        0
      ],
      "/Users/asdf/challenges/matching-app/app/mailers/application_mailer.rb": [
        0,
        0,
        0,
        0
      ],
      "/Users/asdf/challenges/matching-app/app/models/application_record.rb": [
        0,
        0,
        0
      ],
      "/Users/asdf/challenges/matching-app/app/models/matchitem.rb": [
        0,
        0,
        0,
        0,
        0,
        0,
        0,
        0,
        0
      ],
      "/Users/asdf/challenges/matching-app/app/models/qualification.rb": [
        0,
        0,
        0,
        0
      ],
      "/Users/asdf/challenges/matching-app/app/models/qualification_requirement_list.rb": [
        0,
        0
      ],
      "/Users/asdf/challenges/matching-app/app/models/requirement.rb": [
        0,
        0,
        0
      ],
      "/Users/asdf/challenges/matching-app/app/models/user.rb": [
        0,
        0,
        0,
        0,
        0,
        0,
        0,
        0,
        0,
        0,
        0,
        0,
        0,
        0,
        0,
        0,
        0,
        0,
        0,
        0,
        0
      ]
    },
    "timestamp": 1505496372
  }
}
